2022-01-13T17:36:24+00:00 CRITICAL Uncaught Error: Undefined constant "WP_ENVIRONMENT_TYPE" in C:\wamp64\www\wordpress\wp-content\plugins\woocommerce\packages\woocommerce-admin\src\Schedulers\MailchimpScheduler.php:90
Stack trace:
#0 C:\wamp64\www\wordpress\wp-content\plugins\woocommerce\packages\woocommerce-admin\src\Schedulers\MailchimpScheduler.php(90): constant('WP_ENVIRONMENT_...')
#1 C:\wamp64\www\wordpress\wp-content\plugins\woocommerce\packages\woocommerce-admin\src\Schedulers\MailchimpScheduler.php(58): Automattic\WooCommerce\Admin\Schedulers\MailchimpScheduler->make_request('ar.joris@lapost...')
#2 C:\wamp64\www\wordpress\wp-content\plugins\woocommerce\packages\woocommerce-admin\src\Events.php(113): Automattic\WooCommerce\Admin\Schedulers\MailchimpScheduler->run()
#3 C:\wamp64\www\wordpress\wp-includes\class-wp-hook.php(303): Automattic\WooCommerce\Admin\Events->do_wc_admin_daily()
#4 C:\wamp64\www\wordpress\wp-includes\class-wp-hook.php(327): WP_Hook->apply_filters('', Array)
#5 C:\wamp64\www\wordpress\wp-includes\plugin.php(518): WP_Hook->do_action(Array)
#6 C:\wamp64\www\wordpress\wp-cron.php(138): do_action_ref_array('wc_admin_daily', Array)
#7 {main}
  thrown dans C:\wamp64\www\wordpress\wp-content\plugins\woocommerce\packages\woocommerce-admin\src\Schedulers\MailchimpScheduler.php à la ligne 90

2022-01-13T20:46:03+00:00 CRITICAL Cannot redeclare init_metabox() (previously declared in C:\wamp64\www\wordpress\wp-content\themes\generatepress child\addons\metabox.php:10) dans C:\wamp64\www\wordpress\wp-content\themes\generatepress child\taxonomie\livre-metabox.php à la ligne 4

2022-01-13T20:46:03+00:00 CRITICAL Cannot redeclare init_metabox() (previously declared in C:\wamp64\www\wordpress\wp-content\themes\generatepress child\addons\metabox.php:10) dans C:\wamp64\www\wordpress\wp-content\themes\generatepress child\taxonomie\livre-metabox.php à la ligne 4

2022-01-13T20:46:04+00:00 CRITICAL Cannot redeclare init_metabox() (previously declared in C:\wamp64\www\wordpress\wp-content\themes\generatepress child\addons\metabox.php:10) dans C:\wamp64\www\wordpress\wp-content\themes\generatepress child\taxonomie\livre-metabox.php à la ligne 4

2022-01-13T20:46:04+00:00 CRITICAL Cannot redeclare init_metabox() (previously declared in C:\wamp64\www\wordpress\wp-content\themes\generatepress child\addons\metabox.php:10) dans C:\wamp64\www\wordpress\wp-content\themes\generatepress child\taxonomie\livre-metabox.php à la ligne 4

2022-01-13T20:46:16+00:00 CRITICAL Cannot redeclare save_metabox() (previously declared in C:\wamp64\www\wordpress\wp-content\themes\generatepress child\addons\metabox.php:32) dans C:\wamp64\www\wordpress\wp-content\themes\generatepress child\taxonomie\livre-metabox.php à la ligne 25

2022-01-13T20:46:18+00:00 CRITICAL Cannot redeclare save_metabox() (previously declared in C:\wamp64\www\wordpress\wp-content\themes\generatepress child\addons\metabox.php:32) dans C:\wamp64\www\wordpress\wp-content\themes\generatepress child\taxonomie\livre-metabox.php à la ligne 25

2022-01-13T20:46:18+00:00 CRITICAL Cannot redeclare save_metabox() (previously declared in C:\wamp64\www\wordpress\wp-content\themes\generatepress child\addons\metabox.php:32) dans C:\wamp64\www\wordpress\wp-content\themes\generatepress child\taxonomie\livre-metabox.php à la ligne 25

2022-01-13T20:47:40+00:00 CRITICAL Cannot redeclare afficher_citation() (previously declared in C:\wamp64\www\wordpress\wp-content\themes\generatepress child\addons\metabox.php:13) dans C:\wamp64\www\wordpress\wp-content\themes\generatepress child\taxonomie\livre-metabox.php à la ligne 40

2022-01-13T20:47:41+00:00 CRITICAL Cannot redeclare afficher_citation() (previously declared in C:\wamp64\www\wordpress\wp-content\themes\generatepress child\addons\metabox.php:13) dans C:\wamp64\www\wordpress\wp-content\themes\generatepress child\taxonomie\livre-metabox.php à la ligne 40

2022-01-13T20:47:41+00:00 CRITICAL Cannot redeclare afficher_citation() (previously declared in C:\wamp64\www\wordpress\wp-content\themes\generatepress child\addons\metabox.php:13) dans C:\wamp64\www\wordpress\wp-content\themes\generatepress child\taxonomie\livre-metabox.php à la ligne 40

2022-01-13T20:48:04+00:00 CRITICAL Cannot redeclare afficher_citation() (previously declared in C:\wamp64\www\wordpress\wp-content\themes\generatepress child\addons\metabox.php:13) dans C:\wamp64\www\wordpress\wp-content\themes\generatepress child\taxonomie\livre-metabox.php à la ligne 40

